#
# There is insufficient memory for the Java Runtime Environment to continue.
# Native memory allocation (mmap) failed to map 266338304 bytes for Failed to commit area from 0x0000000703200000 to 0x0000000713000000 of length 266338304.
# Possible reasons:
#   The system is out of physical RAM or swap space
#   The process is running with CompressedOops enabled, and the Java Heap may be blocking the growth of the native heap
# Possible solutions:
#   Reduce memory load on the system
#   Increase physical memory or swap space
#   Check if swap backing store is full
#   Decrease Java heap size (-Xmx/-Xms)
#   Decrease number of Java threads
#   Decrease Java thread stack sizes (-Xss)
#   Set larger code cache with -XX:ReservedCodeCacheSize=
# This output file may be truncated or incomplete.
#
#  Out of Memory Error (./src/hotspot/os/windows/os_windows.cpp:3386), pid=26996, tid=87836
#
# JRE version:  (11.0.16.1+9) (build )
# Java VM: OpenJDK 64-Bit Server VM (11.0.16.1+9-LTS, mixed mode, sharing, tiered, compressed oops, g1 gc, windows-amd64)
# No core dump will be written. Minidumps are not enabled by default on client versions of Windows
#

---------------  S U M M A R Y ------------

Command Line: -ea -Didea.test.cyclic.buffer.size=1048576 -javaagent:C:\Program Files\JetBrains\IntelliJ IDEA Community Edition 2022.2.1\lib\idea_rt.jar=65493:C:\Program Files\JetBrains\IntelliJ IDEA Community Edition 2022.2.1\bin -Dfile.encoding=UTF-8 com.intellij.rt.testng.RemoteTestNGStarter -usedefaultlisteners false -socket65492 @w@C:\Users\ekate\AppData\Local\Temp\idea_working_dirs_testng1.tmp -temp C:\Users\ekate\AppData\Local\Temp\idea_testng1.tmp

Host: 11th Gen Intel(R) Core(TM) i7-1165G7 @ 2.80GHz, 8 cores, 15G,  Windows 11 , 64 bit Build 22000 (10.0.22000.1219)
Time: Sun Dec 11 22:37:14 2022 Eastern Standard Time elapsed time: 0.012676 seconds (0d 0h 0m 0s)

---------------  T H R E A D  ---------------

Current thread (0x000002040831e800):  JavaThread "Unknown thread" [_thread_in_vm, id=87836, stack(0x0000006978400000,0x0000006978500000)]

Stack: [0x0000006978400000,0x0000006978500000]
Native frames: (J=compiled Java code, j=interpreted, Vv=VM code, C=native code)
V  [jvm.dll+0x61f23a]
V  [jvm.dll+0x7ac419]
V  [jvm.dll+0x7adb08]
V  [jvm.dll+0x7ae1e3]
V  [jvm.dll+0x24fa98]
V  [jvm.dll+0x61c54a]
V  [jvm.dll+0x610cf5]
V  [jvm.dll+0x3079bc]
V  [jvm.dll+0x307842]
V  [jvm.dll+0x30c556]
V  [jvm.dll+0x352bff]
V  [jvm.dll+0x352630]
V  [jvm.dll+0x2e49b8]
V  [jvm.dll+0x2e5b16]
V  [jvm.dll+0x786267]
V  [jvm.dll+0x7879ef]
V  [jvm.dll+0x35f939]
V  [jvm.dll+0x7691d0]
V  [jvm.dll+0x3cd45f]
V  [jvm.dll+0x3cf7f1]
C  [jli.dll+0x5207]
C  [ucrtbase.dll+0x26c0c]
C  [KERNEL32.DLL+0x15550]
C  [ntdll.dll+0x485b]


---------------  P R O C E S S  ---------------

Threads class SMR info:
_java_thread_list=0x00000204080f9660, length=0, elements={
}

Java Threads: ( => current thread )

Other Threads:
  0x0000020408333800 GCTaskThread "GC Thread#0" [stack: 0x0000006978500000,0x0000006978600000] [id=16388]
  0x000002040838f800 ConcurrentGCThread "G1 Main Marker" [stack: 0x0000006978600000,0x0000006978700000] [id=75284]
  0x0000020408392000 ConcurrentGCThread "G1 Conc#0" [stack: 0x0000006978700000,0x0000006978800000] [id=89372]

[error occurred during error reporting (printing all threads), id 0xc0000005, EXCEPTION_ACCESS_VIOLATION (0xc0000005) at pc=0x00007fff185d4187]

VM state:not at safepoint (not fully initialized)

VM Mutex/Monitor currently owned by a thread:  ([mutex/lock_event])
[0x000002040831b250] Heap_lock - owner thread: 0x000002040831e800

Heap address: 0x0000000703200000, size: 4046 MB, Compressed Oops mode: Non-zero based: 0x0000000703200000
Narrow klass base: 0x0000000000000000, Narrow klass shift: 0

GC Heap History (0 events):
No events

Deoptimization events (0 events):
No events

Classes redefined (0 events):
No events

Internal exceptions (0 events):
No events

Events (1 events):
Event: 0.009 Loaded shared library C:\Users\ekate\.jdks\corretto-11.0.16.1\bin\zip.dll


Dynamic libraries:
0x00007ff69da20000 - 0x00007ff69da2d000 	C:\Users\ekate\.jdks\corretto-11.0.16.1\bin\java.exe
0x00007fff72a20000 - 0x00007fff72c29000 	C:\WINDOWS\SYSTEM32\ntdll.dll
0x00007fff71510000 - 0x00007fff715ce000 	C:\WINDOWS\System32\KERNEL32.DLL
0x00007fff700d0000 - 0x00007fff7044b000 	C:\WINDOWS\System32\KERNELBASE.dll
0x00007fff706b0000 - 0x00007fff707c1000 	C:\WINDOWS\System32\ucrtbase.dll
0x00007fff6e630000 - 0x00007fff6e647000 	C:\Users\ekate\.jdks\corretto-11.0.16.1\bin\jli.dll
0x00007fff62eb0000 - 0x00007fff62ec9000 	C:\Users\ekate\.jdks\corretto-11.0.16.1\bin\VCRUNTIME140.dll
0x00007fff71c00000 - 0x00007fff71dad000 	C:\WINDOWS\System32\USER32.dll
0x00007fff6f270000 - 0x00007fff6f515000 	C:\WINDOWS\WinSxS\amd64_microsoft.windows.common-controls_6595b64144ccf1df_6.0.22000.120_none_9d947278b86cc467\COMCTL32.dll
0x00007fff707d0000 - 0x00007fff707f6000 	C:\WINDOWS\System32\win32u.dll
0x00007fff70a80000 - 0x00007fff70b23000 	C:\WINDOWS\System32\msvcrt.dll
0x00007fff71670000 - 0x00007fff71699000 	C:\WINDOWS\System32\GDI32.dll
0x00007fff70590000 - 0x00007fff706a8000 	C:\WINDOWS\System32\gdi32full.dll
0x00007fff70800000 - 0x00007fff7089d000 	C:\WINDOWS\System32\msvcp_win.dll
0x00007fff710d0000 - 0x00007fff71102000 	C:\WINDOWS\System32\IMM32.DLL
0x00007fff54620000 - 0x00007fff546bb000 	C:\Users\ekate\.jdks\corretto-11.0.16.1\bin\msvcp140.dll
0x00007fff182e0000 - 0x00007fff18e64000 	C:\Users\ekate\.jdks\corretto-11.0.16.1\bin\server\jvm.dll
0x00007fff709c0000 - 0x00007fff70a6e000 	C:\WINDOWS\System32\ADVAPI32.dll
0x00007fff70b30000 - 0x00007fff70bce000 	C:\WINDOWS\System32\sechost.dll
0x00007fff70f50000 - 0x00007fff71070000 	C:\WINDOWS\System32\RPCRT4.dll
0x00007fff715d0000 - 0x00007fff715d8000 	C:\WINDOWS\System32\PSAPI.DLL
0x00007fff52840000 - 0x00007fff52849000 	C:\WINDOWS\SYSTEM32\WSOCK32.dll
0x00007fff683d0000 - 0x00007fff68403000 	C:\WINDOWS\SYSTEM32\WINMM.dll
0x00007fff6cd40000 - 0x00007fff6cd4a000 	C:\WINDOWS\SYSTEM32\VERSION.dll
0x00007fff719e0000 - 0x00007fff71a4f000 	C:\WINDOWS\System32\WS2_32.dll
0x00007fff6e110000 - 0x00007fff6e128000 	C:\WINDOWS\SYSTEM32\kernel.appcore.dll
0x00007fff6eb10000 - 0x00007fff6eb20000 	C:\Users\ekate\.jdks\corretto-11.0.16.1\bin\verify.dll
0x00007fff6f840000 - 0x00007fff6fa61000 	C:\WINDOWS\SYSTEM32\DBGHELP.DLL
0x00007fff6f710000 - 0x00007fff6f741000 	C:\WINDOWS\SYSTEM32\dbgcore.DLL
0x00007fff70450000 - 0x00007fff704cf000 	C:\WINDOWS\System32\bcryptPrimitives.dll
0x00007fff60da0000 - 0x00007fff60dc8000 	C:\Users\ekate\.jdks\corretto-11.0.16.1\bin\java.dll
0x00007fff6e610000 - 0x00007fff6e61a000 	C:\Users\ekate\.jdks\corretto-11.0.16.1\bin\jimage.dll
0x00007fff6bb70000 - 0x00007fff6bb7e000 	C:\Users\ekate\.jdks\corretto-11.0.16.1\bin\instrument.dll
0x00007fff61f40000 - 0x00007fff61f58000 	C:\Users\ekate\.jdks\corretto-11.0.16.1\bin\zip.dll

dbghelp: loaded successfully - version: 4.0.5 - missing functions: none
symbol engine: initialized successfully - sym options: 0x614 - pdb path: .;C:\Users\ekate\.jdks\corretto-11.0.16.1\bin;C:\WINDOWS\SYSTEM32;C:\WINDOWS\WinSxS\amd64_microsoft.windows.common-controls_6595b64144ccf1df_6.0.22000.120_none_9d947278b86cc467;C:\Users\ekate\.jdks\corretto-11.0.16.1\bin\server

VM Arguments:
jvm_args: -ea -Didea.test.cyclic.buffer.size=1048576 -javaagent:C:\Program Files\JetBrains\IntelliJ IDEA Community Edition 2022.2.1\lib\idea_rt.jar=65493:C:\Program Files\JetBrains\IntelliJ IDEA Community Edition 2022.2.1\bin -Dfile.encoding=UTF-8 
java_command: com.intellij.rt.testng.RemoteTestNGStarter -usedefaultlisteners false -socket65492 @w@C:\Users\ekate\AppData\Local\Temp\idea_working_dirs_testng1.tmp -temp C:\Users\ekate\AppData\Local\Temp\idea_testng1.tmp
java_class_path (initial): C:\Program Files\JetBrains\IntelliJ IDEA Community Edition 2022.2.1\lib\idea_rt.jar;C:\Program Files\JetBrains\IntelliJ IDEA Community Edition 2022.2.1\plugins\testng\lib\testng-rt.jar;C:\Projects\AutomationQA_05\AutomationQA_05\target\test-classes;C:\Users\ekate\.m2\repository\org\testng\testng\7.6.1\testng-7.6.1.jar;C:\Users\ekate\.m2\repository\com\google\code\findbugs\jsr305\3.0.2\jsr305-3.0.2.jar;C:\Users\ekate\.m2\repository\org\slf4j\slf4j-api\1.7.36\slf4j-api-1.7.36.jar;C:\Users\ekate\.m2\repository\com\beust\jcommander\1.82\jcommander-1.82.jar;C:\Users\ekate\.m2\repository\org\webjars\jquery\3.6.0\jquery-3.6.0.jar;C:\Users\ekate\.m2\repository\org\seleniumhq\selenium\selenium-java\4.3.0\selenium-java-4.3.0.jar;C:\Users\ekate\.m2\repository\org\seleniumhq\selenium\selenium-api\4.3.0\selenium-api-4.3.0.jar;C:\Users\ekate\.m2\repository\org\seleniumhq\selenium\selenium-chrome-driver\4.3.0\selenium-chrome-driver-4.3.0.jar;C:\Users\ekate\.m2\repository\com\google\auto\service\auto-service-annotations\1.0.1\auto-service-annotations-1.0.1.jar;C:\Users\ekate\.m2\repository\com\google\auto\service\auto-service\1.0.1\auto-service-1.0.1.jar;C:\Users\ekate\.m2\repository\com\google\auto\auto-common\1.2\auto-common-1.2.jar;C:\Users\ekate\.m2\repository\com\google\guava\guava\31.1-jre\guava-31.1-jre.jar;C:\Users\ekate\.m2\repository\com\google\guava\failureaccess\1.0.1\failureaccess-1.0.1.jar;C:\Users\ekate\.m2\repository\com\google\guava\listenablefuture\9999.0-empty-to-avoid-conflict-with-guava\listenablefuture-9999.0-empty-to-avoid-conflict-with-guava.jar;C:\Users\ekate\.m2\repository\org\checkerframework\checker-qual\3.12.0\checker-qual-3.12.0.jar;C:\Users\ekate\.m2\repository\com\google\errorprone\error_prone_annotations\2.11.0\error_prone_annotations-2.11.0.jar;C:\Users\ekate\.m2\repository\com\google\j2objc\j2objc-annotations\1.3\j2objc-annotations-1.3.jar;C:\Users\ekate\.m2\repository\org\seleniumhq\selenium\selenium-chromium-driver\4
Launcher Type: SUN_STANDARD

[Global flags]
     intx CICompilerCount                          = 4                                         {product} {ergonomic}
     uint ConcGCThreads                            = 2                                         {product} {ergonomic}
     uint G1ConcRefinementThreads                  = 8                                         {product} {ergonomic}
   size_t G1HeapRegionSize                         = 1048576                                   {product} {ergonomic}
    uintx GCDrainStackTargetSize                   = 64                                        {product} {ergonomic}
   size_t InitialHeapSize                          = 266338304                                 {product} {ergonomic}
   size_t MarkStackSize                            = 4194304                                   {product} {ergonomic}
   size_t MaxHeapSize                              = 4242538496                                {product} {ergonomic}
   size_t MinHeapDeltaBytes                        = 1048576                                   {product} {ergonomic}
    uintx NonNMethodCodeHeapSize                   = 5836300                                {pd product} {ergonomic}
    uintx NonProfiledCodeHeapSize                  = 122910970                              {pd product} {ergonomic}
    uintx ProfiledCodeHeapSize                     = 122910970                              {pd product} {ergonomic}
    uintx ReservedCodeCacheSize                    = 251658240                              {pd product} {ergonomic}
     bool SegmentedCodeCache                       = true                                      {product} {ergonomic}
     bool UseCompressedClassPointers               = true                                 {lp64_product} {ergonomic}
     bool UseCompressedOops                        = true                                 {lp64_product} {ergonomic}
     bool UseG1GC                                  = true                                      {product} {ergonomic}
     bool UseLargePagesIndividualAllocation        = false                                  {pd product} {ergonomic}

Logging:
Log output configuration:
 #0: stdout all=warning uptime,level,tags
 #1: stderr all=off uptime,level,tags

Environment Variables:
PATH=C:\WINDOWS\system32;C:\WINDOWS;C:\WINDOWS\System32\Wbem;C:\WINDOWS\System32\WindowsPowerShell\v1.0\;C:\WINDOWS\System32\OpenSSH\;C:\Program Files\Git\cmd;C:\Program Files\Docker\Docker\resources\bin;C:\Users\ekate\AppData\Local\Microsoft\WindowsApps;;C:\Users\ekate\AppData\Local\JetBrains\Toolbox\scripts;%USERPROFILE%\AppData\Local\Microsoft\WindowsApps
USERNAME=ekate
OS=Windows_NT
PROCESSOR_IDENTIFIER=Intel64 Family 6 Model 140 Stepping 1, GenuineIntel
TMP=C:\Users\ekate\AppData\Local\Temp
TEMP=C:\Users\ekate\AppData\Local\Temp



---------------  S Y S T E M  ---------------

OS: Windows 11 , 64 bit Build 22000 (10.0.22000.1219)
OS uptime: 8 days 22:08 hours
Hyper-V role detected

CPU:total 8 (initial active 8) (4 cores per cpu, 2 threads per core) family 6 model 140 stepping 1 microcode 0x78, cmov, cx8, fxsr, mmx, sse, sse2, sse3, ssse3, sse4.1, sse4.2, popcnt, avx, avx2, aes, clmul, erms, 3dnowpref, lzcnt, ht, tsc, tscinvbit, bmi1, bmi2, adx, evex, sha, fma

Memory: 4k page, system-wide physical 16183M (869M free)
TotalPageFile size 65335M (AvailPageFile size 147M)
current process WorkingSet (physical memory assigned to process): 10M, peak: 10M
current process commit charge ("private bytes"): 60M, peak: 314M

vm_info: OpenJDK 64-Bit Server VM (11.0.16.1+9-LTS) for windows-amd64 JRE (11.0.16.1+9-LTS), built on Aug 12 2022 20:01:58 by "Administrator" with MS VC++ 15.9 (VS2017)

END.
